0 info it worked if it ends with ok
1 verbose cli [ '/usr/local/Cellar/node/6.2.1/bin/node',
1 verbose cli   '/usr/local/bin/npm',
1 verbose cli   'run',
1 verbose cli   'setup' ]
2 info using npm@3.10.7
3 info using node@v6.2.1
4 verbose run-script [ 'presetup', 'setup', 'postsetup' ]
5 info lifecycle wp-cli-shifter@~presetup: wp-cli-shifter@
6 silly lifecycle wp-cli-shifter@~presetup: no script for presetup, continuing
7 info lifecycle wp-cli-shifter@~setup: wp-cli-shifter@
8 verbose lifecycle wp-cli-shifter@~setup: unsafe-perm in lifecycle true
9 verbose lifecycle wp-cli-shifter@~setup: PATH: /usr/local/lib/node_modules/npm/bin/node-gyp-bin:/Users/miyauchi/.wp-cli/commands/wp-cli-shifter/node_modules/.bin:/usr/local/Cellar/node/6.2.1/bin:/usr/local/var/rbenv/shims:/Users/miyauchi/.composer/vendor/bin:/usr/local/share/npm/bin:/usr/local/bin:/usr/local/sbin:/usr/local/bin:/Library/Java/JavaVirtualMachines/jdk1.7.0_79.jdk/Contents/Home/bin:/usr/local/bin:/usr/bin:/bin:/usr/sbin:/sbin:/opt/X11/bin:/Users/miyauchi/Library/Android/sdk/platform-tools:/Users/miyauchi/Library/Android/sdk/tools
10 verbose lifecycle wp-cli-shifter@~setup: CWD: /Users/miyauchi/.wp-cli/commands/wp-cli-shifter
11 silly lifecycle wp-cli-shifter@~setup: Args: [ '-c',
11 silly lifecycle   'bash bin/install-wp-tests.sh wordpress_test root \'\' localhost latest && WP_CLI_BIN_DIR=/tmp/wp-cli-phar bash bin/install-package-tests.sh' ]
12 silly lifecycle wp-cli-shifter@~setup: Returned: code: 1  signal: null
13 info lifecycle wp-cli-shifter@~setup: Failed to exec setup script
14 verbose stack Error: wp-cli-shifter@ setup: `bash bin/install-wp-tests.sh wordpress_test root '' localhost latest && WP_CLI_BIN_DIR=/tmp/wp-cli-phar bash bin/install-package-tests.sh`
14 verbose stack Exit status 1
14 verbose stack     at EventEmitter.<anonymous> (/usr/local/lib/node_modules/npm/lib/utils/lifecycle.js:255:16)
14 verbose stack     at emitTwo (events.js:106:13)
14 verbose stack     at EventEmitter.emit (events.js:191:7)
14 verbose stack     at ChildProcess.<anonymous> (/usr/local/lib/node_modules/npm/lib/utils/spawn.js:40:14)
14 verbose stack     at emitTwo (events.js:106:13)
14 verbose stack     at ChildProcess.emit (events.js:191:7)
14 verbose stack     at maybeClose (internal/child_process.js:852:16)
14 verbose stack     at Process.ChildProcess._handle.onexit (internal/child_process.js:215:5)
15 verbose pkgid wp-cli-shifter@
16 verbose cwd /Users/miyauchi/.wp-cli/commands/wp-cli-shifter
17 error Darwin 15.6.0
18 error argv "/usr/local/Cellar/node/6.2.1/bin/node" "/usr/local/bin/npm" "run" "setup"
19 error node v6.2.1
20 error npm  v3.10.7
21 error code ELIFECYCLE
22 error wp-cli-shifter@ setup: `bash bin/install-wp-tests.sh wordpress_test root '' localhost latest && WP_CLI_BIN_DIR=/tmp/wp-cli-phar bash bin/install-package-tests.sh`
22 error Exit status 1
23 error Failed at the wp-cli-shifter@ setup script 'bash bin/install-wp-tests.sh wordpress_test root '' localhost latest && WP_CLI_BIN_DIR=/tmp/wp-cli-phar bash bin/install-package-tests.sh'.
23 error Make sure you have the latest version of node.js and npm installed.
23 error If you do, this is most likely a problem with the wp-cli-shifter package,
23 error not with npm itself.
23 error Tell the author that this fails on your system:
23 error     bash bin/install-wp-tests.sh wordpress_test root '' localhost latest && WP_CLI_BIN_DIR=/tmp/wp-cli-phar bash bin/install-package-tests.sh
23 error You can get information on how to open an issue for this project with:
23 error     npm bugs wp-cli-shifter
23 error Or if that isn't available, you can get their info via:
23 error     npm owner ls wp-cli-shifter
23 error There is likely additional logging output above.
24 verbose exit [ 1, true ]
